<dataset>
    <record><id>1</id><bitcoin>1PtEHHN1SLUACkRhyBADURZWQuTpX56HRo</bitcoin></record>
    <record><id>2</id><bitcoin>1D8XJnMDhZ2KPcmjnZXtngzv1Q1Fkudy3t</bitcoin></record>
    <record><id>3</id><bitcoin>1GhpF2Sn4crVVvpDMXYs2guDuNMQ1KQfih</bitcoin></record>
    <record><id>4</id><bitcoin>19kazwAzYhPJPnJvWrR4GtBecSJWDJM1os</bitcoin></record>
</dataset>